find_header: checking for prism.h in /home/vee/memo-app/vendor/bundle/ruby/3.0.0/gems/prism-1.4.0/include... -------------------- yes

"x86_64-linux-gnu-gcc -o conftest -I/usr/include/x86_64-linux-gnu/ruby-3.0.0 -I/usr/include/ruby-3.0.0/ruby/backward -I/usr/include/ruby-3.0.0 -I. -Wdate-time -D_FORTIFY_SOURCE=2   -g -O2 -ffile-prefix-map=/build/ruby3.0-IyvJLJ/ruby3.0-3.0.2=. -fstack-protector-strong -Wformat -Werror=format-security -fPIC conftest.c  -L. -L/usr/lib/x86_64-linux-gnu -L. -Wl,-Bsymbolic-functions -Wl,-z,relro -Wl,-z,now -fstack-protector-strong -rdynamic -Wl,-export-dynamic     -lruby-3.0  -lm   -lc"
checked program was:
/* begin */
1: #include "ruby.h"
2: 
3: int main(int argc, char **argv)
4: {
5:   return !!argv[argc];
6: }
/* end */

"x86_64-linux-gnu-gcc -E -I/usr/include/x86_64-linux-gnu/ruby-3.0.0 -I/usr/include/ruby-3.0.0/ruby/backward -I/usr/include/ruby-3.0.0 -I. -Wdate-time -D_FORTIFY_SOURCE=2   -g -O2 -ffile-prefix-map=/build/ruby3.0-IyvJLJ/ruby3.0-3.0.2=. -fstack-protector-strong -Wformat -Werror=format-security -fPIC  conftest.c -o conftest.i"
conftest.c:3:10: fatal error: prism.h: No such file or directory
    3 | #include <prism.h>
      |          ^~~~~~~~~
compilation terminated.
checked program was:
/* begin */
1: #include "ruby.h"
2: 
3: #include <prism.h>
/* end */

"x86_64-linux-gnu-gcc -E -I/usr/include/x86_64-linux-gnu/ruby-3.0.0 -I/usr/include/ruby-3.0.0/ruby/backward -I/usr/include/ruby-3.0.0 -I. -Wdate-time -D_FORTIFY_SOURCE=2   -g -O2 -ffile-prefix-map=/build/ruby3.0-IyvJLJ/ruby3.0-3.0.2=. -fstack-protector-strong -Wformat -Werror=format-security -fPIC -I/home/vee/memo-app/vendor/bundle/ruby/3.0.0/gems/prism-1.4.0/include conftest.c -o conftest.i"
checked program was:
/* begin */
1: #include "ruby.h"
2: 
3: #include <prism.h>
/* end */

--------------------

find_header: checking for prism/extension.h in /home/vee/memo-app/vendor/bundle/ruby/3.0.0/gems/prism-1.4.0/ext... -------------------- yes

"x86_64-linux-gnu-gcc -E -I/usr/include/x86_64-linux-gnu/ruby-3.0.0 -I/usr/include/ruby-3.0.0/ruby/backward -I/usr/include/ruby-3.0.0 -I. -I/home/vee/memo-app/vendor/bundle/ruby/3.0.0/gems/prism-1.4.0/include -Wdate-time -D_FORTIFY_SOURCE=2   -g -O2 -ffile-prefix-map=/build/ruby3.0-IyvJLJ/ruby3.0-3.0.2=. -fstack-protector-strong -Wformat -Werror=format-security -fPIC  conftest.c -o conftest.i"
conftest.c:3:10: fatal error: prism/extension.h: No such file or directory
    3 | #include <prism/extension.h>
      |          ^~~~~~~~~~~~~~~~~~~
compilation terminated.
checked program was:
/* begin */
1: #include "ruby.h"
2: 
3: #include <prism/extension.h>
/* end */

"x86_64-linux-gnu-gcc -E -I/usr/include/x86_64-linux-gnu/ruby-3.0.0 -I/usr/include/ruby-3.0.0/ruby/backward -I/usr/include/ruby-3.0.0 -I. -I/home/vee/memo-app/vendor/bundle/ruby/3.0.0/gems/prism-1.4.0/include -Wdate-time -D_FORTIFY_SOURCE=2   -g -O2 -ffile-prefix-map=/build/ruby3.0-IyvJLJ/ruby3.0-3.0.2=. -fstack-protector-strong -Wformat -Werror=format-security -fPIC -I/home/vee/memo-app/vendor/bundle/ruby/3.0.0/gems/prism-1.4.0/ext conftest.c -o conftest.i"
checked program was:
/* begin */
1: #include "ruby.h"
2: 
3: #include <prism/extension.h>
/* end */

--------------------

block in append_cflags: checking for whether -fvisibility=hidden is accepted as CFLAGS... -------------------- yes

"x86_64-linux-gnu-gcc -I/usr/include/x86_64-linux-gnu/ruby-3.0.0 -I/usr/include/ruby-3.0.0/ruby/backward -I/usr/include/ruby-3.0.0 -I. -I/home/vee/memo-app/vendor/bundle/ruby/3.0.0/gems/prism-1.4.0/include -I/home/vee/memo-app/vendor/bundle/ruby/3.0.0/gems/prism-1.4.0/ext -Wdate-time -D_FORTIFY_SOURCE=2   -g -O2 -ffile-prefix-map=/build/ruby3.0-IyvJLJ/ruby3.0-3.0.2=. -fstack-protector-strong -Wformat -Werror=format-security -fPIC  -fvisibility=hidden -Werror -c conftest.c"
checked program was:
/* begin */
1: #include "ruby.h"
2: 
3: int main(int argc, char **argv)
4: {
5:   return !!argv[argc];
6: }
/* end */

--------------------

